build/app/intermediates/manifest_merge_blame_file/release/manifest-merger-blame-release-report.txt
1<?xml version="1.0" encoding="utf-8"?>
2<manifest xmlns:android="http://schemas.android.com/apk/res/android"
3    package="com.hassan.notification_client"
4    android:versionCode="1"
5    android:versionName="1.0.0" >
6
7    <uses-sdk
8        android:minSdkVersion="23"
9        android:targetSdkVersion="34" />
10
11    <uses-permission android:name="android.permission.POST_NOTIFICATIONS" />
11-->src\main\AndroidManifest.xml:3:5-77
11-->src\main\AndroidManifest.xml:3:22-74
12    <!--
13         Required to query activities that can process text, see:
14         https://developer.android.com/training/package-visibility and
15         https://developer.android.com/reference/android/content/Intent#ACTION_PROCESS_TEXT.
16
17         In particular, this is used by the Flutter engine in io.flutter.plugin.text.ProcessTextPlugin.
18    -->
19    <queries>
19-->src\main\AndroidManifest.xml:42:5-47:15
20        <intent>
20-->src\main\AndroidManifest.xml:43:9-46:18
21            <action android:name="android.intent.action.PROCESS_TEXT" />
21-->src\main\AndroidManifest.xml:44:13-72
21-->src\main\AndroidManifest.xml:44:21-70
22
23            <data android:mimeType="text/plain" />
23-->src\main\AndroidManifest.xml:45:13-50
23-->src\main\AndroidManifest.xml:45:19-48
24        </intent>
25    </queries>
26
27    <uses-permission android:name="android.permission.INTERNET" />
27-->[:firebase_messaging] AndroidManifest.xml:7:5-67
27-->[:firebase_messaging] AndroidManifest.xml:7:22-64
28    <uses-permission android:name="android.permission.WAKE_LOCK" />
28-->[:firebase_messaging] AndroidManifest.xml:8:5-68
28-->[:firebase_messaging] AndroidManifest.xml:8:22-65
29    <uses-permission android:name="android.permission.ACCESS_NETWORK_STATE" />
29-->[:firebase_messaging] AndroidManifest.xml:9:5-79
29-->[:firebase_messaging] AndroidManifest.xml:9:22-76
30    <uses-permission android:name="android.permission.VIBRATE" /> <!-- Required by older versions of Google Play services to create IID tokens -->
30-->[:flutter_local_notifications] AndroidManifest.xml:7:5-66
30-->[:flutter_local_notifications] AndroidManifest.xml:7:22-63
31    <uses-permission android:name="com.google.android.c2dm.permission.RECEIVE" />
31-->[com.google.firebase:firebase-messaging:24.1.0] AndroidManifest.xml:26:5-82
31-->[com.google.firebase:firebase-messaging:24.1.0] AndroidManifest.xml:26:22-79
32    <uses-permission android:name="com.google.android.providers.gsf.permission.READ_GSERVICES" />
32-->[com.google.android.recaptcha:recaptcha:18.5.1] AndroidManifest.xml:9:5-98
32-->[com.google.android.recaptcha:recaptcha:18.5.1] AndroidManifest.xml:9:22-95
33
34    <permission
34-->[androidx.core:core:1.13.1] AndroidManifest.xml:22:5-24:47
35        android:name="com.hassan.notification_client.DYNAMIC_RECEIVER_NOT_EXPORTED_PERMISSION"
35-->[androidx.core:core:1.13.1] AndroidManifest.xml:23:9-81
36        android:protectionLevel="signature" />
36-->[androidx.core:core:1.13.1] AndroidManifest.xml:24:9-44
37
38    <uses-permission android:name="com.hassan.notification_client.DYNAMIC_RECEIVER_NOT_EXPORTED_PERMISSION" />
38-->[androidx.core:core:1.13.1] AndroidManifest.xml:26:5-97
38-->[androidx.core:core:1.13.1] AndroidManifest.xml:26:22-94
39
40    <application
41        android:name="android.app.Application"
41-->src\main\AndroidManifest.xml:7:9-42
42        android:appComponentFactory="androidx.core.app.CoreComponentFactory"
42-->[androidx.core:core:1.13.1] AndroidManifest.xml:28:18-86
43        android:extractNativeLibs="false"
44        android:icon="@mipmap/ic_launcher"
44-->src\main\AndroidManifest.xml:8:9-43
45        android:label="notification_client" >
45-->src\main\AndroidManifest.xml:6:9-44
46        <activity
46-->src\main\AndroidManifest.xml:9:9-30:20
47            android:name="com.hassan.notification_client.MainActivity"
47-->src\main\AndroidManifest.xml:10:13-41
48            android:configChanges="orientation|keyboardHidden|keyboard|screenSize|smallestScreenSize|locale|layoutDirection|fontScale|screenLayout|density|uiMode"
48-->src\main\AndroidManifest.xml:15:13-163
49            android:exported="true"
49-->src\main\AndroidManifest.xml:11:13-36
50            android:hardwareAccelerated="true"
50-->src\main\AndroidManifest.xml:16:13-47
51            android:launchMode="singleTop"
51-->src\main\AndroidManifest.xml:12:13-43
52            android:taskAffinity=""
52-->src\main\AndroidManifest.xml:13:13-36
53            android:theme="@style/LaunchTheme"
53-->src\main\AndroidManifest.xml:14:13-47
54            android:windowSoftInputMode="adjustResize" >
54-->src\main\AndroidManifest.xml:17:13-55
55
56            <!--
57                 Specifies an Android theme to apply to this Activity as soon as
58                 the Android process has started. This theme is visible to the user
59                 while the Flutter UI initializes. After that, this theme continues
60                 to determine the Window background behind the Flutter UI.
61            -->
62            <meta-data
62-->src\main\AndroidManifest.xml:22:13-25:17
63                android:name="io.flutter.embedding.android.NormalTheme"
63-->src\main\AndroidManifest.xml:23:15-70
64                android:resource="@style/NormalTheme" />
64-->src\main\AndroidManifest.xml:24:15-52
65
66            <intent-filter>
66-->src\main\AndroidManifest.xml:26:13-29:29
67                <action android:name="android.intent.action.MAIN" />
67-->src\main\AndroidManifest.xml:27:17-68
67-->src\main\AndroidManifest.xml:27:25-66
68
69                <category android:name="android.intent.category.LAUNCHER" />
69-->src\main\AndroidManifest.xml:28:17-76
69-->src\main\AndroidManifest.xml:28:27-74
70            </intent-filter>
71        </activity>
72        <!--
73             Don't delete the meta-data below.
74             This is used by the Flutter tool to generate GeneratedPluginRegistrant.java
75        -->
76        <meta-data
76-->src\main\AndroidManifest.xml:33:9-35:33
77            android:name="flutterEmbedding"
77-->src\main\AndroidManifest.xml:34:13-44
78            android:value="2" />
78-->src\main\AndroidManifest.xml:35:13-30
79
80        <service
80-->[:cloud_firestore] AndroidManifest.xml:8:9-12:19
81            android:name="com.google.firebase.components.ComponentDiscoveryService"
81-->[:cloud_firestore] AndroidManifest.xml:8:18-89
82            android:directBootAware="true"
82-->[com.google.firebase:firebase-common:21.0.0] AndroidManifest.xml:32:13-43
83            android:exported="false" >
83-->[com.google.firebase:firebase-auth:23.1.0] AndroidManifest.xml:68:13-37
84            <meta-data
84-->[:cloud_firestore] AndroidManifest.xml:9:13-11:85
85                android:name="com.google.firebase.components:io.flutter.plugins.firebase.firestore.FlutterFirebaseFirestoreRegistrar"
85-->[:cloud_firestore] AndroidManifest.xml:10:17-134
86                android:value="com.google.firebase.components.ComponentRegistrar" />
86-->[:cloud_firestore] AndroidManifest.xml:11:17-82
87            <meta-data
87-->[:firebase_auth] AndroidManifest.xml:9:13-11:85
88                android:name="com.google.firebase.components:io.flutter.plugins.firebase.auth.FlutterFirebaseAuthRegistrar"
88-->[:firebase_auth] AndroidManifest.xml:10:17-124
89                android:value="com.google.firebase.components.ComponentRegistrar" />
89-->[:firebase_auth] AndroidManifest.xml:11:17-82
90            <meta-data
90-->[:firebase_messaging] AndroidManifest.xml:36:13-38:85
91                android:name="com.google.firebase.components:io.flutter.plugins.firebase.messaging.FlutterFirebaseAppRegistrar"
91-->[:firebase_messaging] AndroidManifest.xml:37:17-128
92                android:value="com.google.firebase.components.ComponentRegistrar" />
92-->[:firebase_messaging] AndroidManifest.xml:38:17-82
93            <meta-data
93-->[:firebase_core] AndroidManifest.xml:9:13-11:85
94                android:name="com.google.firebase.components:io.flutter.plugins.firebase.core.FlutterFirebaseCoreRegistrar"
94-->[:firebase_core] AndroidManifest.xml:10:17-124
95                android:value="com.google.firebase.components.ComponentRegistrar" />
95-->[:firebase_core] AndroidManifest.xml:11:17-82
96            <meta-data
96-->[com.google.firebase:firebase-auth:23.1.0] AndroidManifest.xml:69:13-71:85
97                android:name="com.google.firebase.components:com.google.firebase.auth.FirebaseAuthRegistrar"
97-->[com.google.firebase:firebase-auth:23.1.0] AndroidManifest.xml:70:17-109
98                android:value="com.google.firebase.components.ComponentRegistrar" />
98-->[com.google.firebase:firebase-auth:23.1.0] AndroidManifest.xml:71:17-82
99            <meta-data
99-->[com.google.firebase:firebase-firestore:25.1.1] AndroidManifest.xml:17:13-19:85
100                android:name="com.google.firebase.components:com.google.firebase.firestore.FirebaseFirestoreKtxRegistrar"
100-->[com.google.firebase:firebase-firestore:25.1.1] AndroidManifest.xml:18:17-122
101                android:value="com.google.firebase.components.ComponentRegistrar" />
101-->[com.google.firebase:firebase-firestore:25.1.1] AndroidManifest.xml:19:17-82
102            <meta-data
102-->[com.google.firebase:firebase-firestore:25.1.1] AndroidManifest.xml:20:13-22:85
103                android:name="com.google.firebase.components:com.google.firebase.firestore.FirestoreRegistrar"
103-->[com.google.firebase:firebase-firestore:25.1.1] AndroidManifest.xml:21:17-111
104                android:value="com.google.firebase.components.ComponentRegistrar" />
104-->[com.google.firebase:firebase-firestore:25.1.1] AndroidManifest.xml:22:17-82
105            <meta-data
105-->[com.google.firebase:firebase-messaging:24.1.0] AndroidManifest.xml:57:13-59:85
106                android:name="com.google.firebase.components:com.google.firebase.messaging.FirebaseMessagingKtxRegistrar"
106-->[com.google.firebase:firebase-messaging:24.1.0] AndroidManifest.xml:58:17-122
107                android:value="com.google.firebase.components.ComponentRegistrar" />
107-->[com.google.firebase:firebase-messaging:24.1.0] AndroidManifest.xml:59:17-82
108            <meta-data
108-->[com.google.firebase:firebase-messaging:24.1.0] AndroidManifest.xml:60:13-62:85
109                android:name="com.google.firebase.components:com.google.firebase.messaging.FirebaseMessagingRegistrar"
109-->[com.google.firebase:firebase-messaging:24.1.0] AndroidManifest.xml:61:17-119
110                android:value="com.google.firebase.components.ComponentRegistrar" />
110-->[com.google.firebase:firebase-messaging:24.1.0] AndroidManifest.xml:62:17-82
111            <meta-data
111-->[com.google.firebase:firebase-installations:18.0.0] AndroidManifest.xml:15:13-17:85
112                android:name="com.google.firebase.components:com.google.firebase.installations.FirebaseInstallationsKtxRegistrar"
112-->[com.google.firebase:firebase-installations:18.0.0] AndroidManifest.xml:16:17-130
113                android:value="com.google.firebase.components.ComponentRegistrar" />
113-->[com.google.firebase:firebase-installations:18.0.0] AndroidManifest.xml:17:17-82
114            <meta-data
114-->[com.google.firebase:firebase-installations:18.0.0] AndroidManifest.xml:18:13-20:85
115                android:name="com.google.firebase.components:com.google.firebase.installations.FirebaseInstallationsRegistrar"
115-->[com.google.firebase:firebase-installations:18.0.0] AndroidManifest.xml:19:17-127
116                android:value="com.google.firebase.components.ComponentRegistrar" />
116-->[com.google.firebase:firebase-installations:18.0.0] AndroidManifest.xml:20:17-82
117            <meta-data
117-->[com.google.firebase:firebase-common-ktx:21.0.0] AndroidManifest.xml:12:13-14:85
118                android:name="com.google.firebase.components:com.google.firebase.ktx.FirebaseCommonLegacyRegistrar"
118-->[com.google.firebase:firebase-common-ktx:21.0.0] AndroidManifest.xml:13:17-116
119                android:value="com.google.firebase.components.ComponentRegistrar" />
119-->[com.google.firebase:firebase-common-ktx:21.0.0] AndroidManifest.xml:14:17-82
120            <meta-data
120-->[com.google.firebase:firebase-common:21.0.0] AndroidManifest.xml:35:13-37:85
121                android:name="com.google.firebase.components:com.google.firebase.FirebaseCommonKtxRegistrar"
121-->[com.google.firebase:firebase-common:21.0.0] AndroidManifest.xml:36:17-109
122                android:value="com.google.firebase.components.ComponentRegistrar" />
122-->[com.google.firebase:firebase-common:21.0.0] AndroidManifest.xml:37:17-82
123            <meta-data
123-->[com.google.firebase:firebase-datatransport:18.2.0] AndroidManifest.xml:25:13-27:85
124                android:name="com.google.firebase.components:com.google.firebase.datatransport.TransportRegistrar"
124-->[com.google.firebase:firebase-datatransport:18.2.0] AndroidManifest.xml:26:17-115
125                android:value="com.google.firebase.components.ComponentRegistrar" />
125-->[com.google.firebase:firebase-datatransport:18.2.0] AndroidManifest.xml:27:17-82
126        </service>
127        <service
127-->[:firebase_messaging] AndroidManifest.xml:14:9-17:72
128            android:name="io.flutter.plugins.firebase.messaging.FlutterFirebaseMessagingBackgroundService"
128-->[:firebase_messaging] AndroidManifest.xml:15:13-107
129            android:exported="false"
129-->[:firebase_messaging] AndroidManifest.xml:16:13-37
130            android:permission="android.permission.BIND_JOB_SERVICE" />
130-->[:firebase_messaging] AndroidManifest.xml:17:13-69
131        <service
131-->[:firebase_messaging] AndroidManifest.xml:18:9-24:19
132            android:name="io.flutter.plugins.firebase.messaging.FlutterFirebaseMessagingService"
132-->[:firebase_messaging] AndroidManifest.xml:19:13-97
133            android:exported="false" >
133-->[:firebase_messaging] AndroidManifest.xml:20:13-37
134            <intent-filter>
134-->[:firebase_messaging] AndroidManifest.xml:21:13-23:29
135                <action android:name="com.google.firebase.MESSAGING_EVENT" />
135-->[:firebase_messaging] AndroidManifest.xml:22:17-78
135-->[:firebase_messaging] AndroidManifest.xml:22:25-75
136            </intent-filter>
137        </service>
138
139        <receiver
139-->[:firebase_messaging] AndroidManifest.xml:26:9-33:20
140            android:name="io.flutter.plugins.firebase.messaging.FlutterFirebaseMessagingReceiver"
140-->[:firebase_messaging] AndroidManifest.xml:27:13-98
141            android:exported="true"
141-->[:firebase_messaging] AndroidManifest.xml:28:13-36
142            android:permission="com.google.android.c2dm.permission.SEND" >
142-->[:firebase_messaging] AndroidManifest.xml:29:13-73
143            <intent-filter>
143-->[:firebase_messaging] AndroidManifest.xml:30:13-32:29
144                <action android:name="com.google.android.c2dm.intent.RECEIVE" />
144-->[:firebase_messaging] AndroidManifest.xml:31:17-81
144-->[:firebase_messaging] AndroidManifest.xml:31:25-78
145            </intent-filter>
146        </receiver>
147
148        <provider
148-->[:firebase_messaging] AndroidManifest.xml:41:9-45:38
149            android:name="io.flutter.plugins.firebase.messaging.FlutterFirebaseMessagingInitProvider"
149-->[:firebase_messaging] AndroidManifest.xml:42:13-102
150            android:authorities="com.hassan.notification_client.flutterfirebasemessaginginitprovider"
150-->[:firebase_messaging] AndroidManifest.xml:43:13-88
151            android:exported="false"
151-->[:firebase_messaging] AndroidManifest.xml:44:13-37
152            android:initOrder="99" />
152-->[:firebase_messaging] AndroidManifest.xml:45:13-35
153
154        <activity
154-->[com.google.firebase:firebase-auth:23.1.0] AndroidManifest.xml:29:9-46:20
155            android:name="com.google.firebase.auth.internal.GenericIdpActivity"
155-->[com.google.firebase:firebase-auth:23.1.0] AndroidManifest.xml:30:13-80
156            android:excludeFromRecents="true"
156-->[com.google.firebase:firebase-auth:23.1.0] AndroidManifest.xml:31:13-46
157            android:exported="true"
157-->[com.google.firebase:firebase-auth:23.1.0] AndroidManifest.xml:32:13-36
158            android:launchMode="singleTask"
158-->[com.google.firebase:firebase-auth:23.1.0] AndroidManifest.xml:33:13-44
159            android:theme="@android:style/Theme.Translucent.NoTitleBar" >
159-->[com.google.firebase:firebase-auth:23.1.0] AndroidManifest.xml:34:13-72
160            <intent-filter>
160-->[com.google.firebase:firebase-auth:23.1.0] AndroidManifest.xml:35:13-45:29
161                <action android:name="android.intent.action.VIEW" />
161-->[com.google.firebase:firebase-auth:23.1.0] AndroidManifest.xml:36:17-69
161-->[com.google.firebase:firebase-auth:23.1.0] AndroidManifest.xml:36:25-66
162
163                <category android:name="android.intent.category.DEFAULT" />
163-->[com.google.firebase:firebase-auth:23.1.0] AndroidManifest.xml:38:17-76
163-->[com.google.firebase:firebase-auth:23.1.0] AndroidManifest.xml:38:27-73
164                <category android:name="android.intent.category.BROWSABLE" />
164-->[com.google.firebase:firebase-auth:23.1.0] AndroidManifest.xml:39:17-78
164-->[com.google.firebase:firebase-auth:23.1.0] AndroidManifest.xml:39:27-75
165
166                <data
166-->src\main\AndroidManifest.xml:45:13-50
167                    android:host="firebase.auth"
168                    android:path="/"
169                    android:scheme="genericidp" />
170            </intent-filter>
171        </activity>
172        <activity
172-->[com.google.firebase:firebase-auth:23.1.0] AndroidManifest.xml:47:9-64:20
173            android:name="com.google.firebase.auth.internal.RecaptchaActivity"
173-->[com.google.firebase:firebase-auth:23.1.0] AndroidManifest.xml:48:13-79
174            android:excludeFromRecents="true"
174-->[com.google.firebase:firebase-auth:23.1.0] AndroidManifest.xml:49:13-46
175            android:exported="true"
175-->[com.google.firebase:firebase-auth:23.1.0] AndroidManifest.xml:50:13-36
176            android:launchMode="singleTask"
176-->[com.google.firebase:firebase-auth:23.1.0] AndroidManifest.xml:51:13-44
177            android:theme="@android:style/Theme.Translucent.NoTitleBar" >
177-->[com.google.firebase:firebase-auth:23.1.0] AndroidManifest.xml:52:13-72
178            <intent-filter>
178-->[com.google.firebase:firebase-auth:23.1.0] AndroidManifest.xml:53:13-63:29
179                <action android:name="android.intent.action.VIEW" />
179-->[com.google.firebase:firebase-auth:23.1.0] AndroidManifest.xml:36:17-69
179-->[com.google.firebase:firebase-auth:23.1.0] AndroidManifest.xml:36:25-66
180
181                <category android:name="android.intent.category.DEFAULT" />
181-->[com.google.firebase:firebase-auth:23.1.0] AndroidManifest.xml:38:17-76
181-->[com.google.firebase:firebase-auth:23.1.0] AndroidManifest.xml:38:27-73
182                <category android:name="android.intent.category.BROWSABLE" />
182-->[com.google.firebase:firebase-auth:23.1.0] AndroidManifest.xml:39:17-78
182-->[com.google.firebase:firebase-auth:23.1.0] AndroidManifest.xml:39:27-75
183
184                <data
184-->src\main\AndroidManifest.xml:45:13-50
185                    android:host="firebase.auth"
186                    android:path="/"
187                    android:scheme="recaptcha" />
188            </intent-filter>
189        </activity>
190
191        <receiver
191-->[com.google.firebase:firebase-messaging:24.1.0] AndroidManifest.xml:29:9-40:20
192            android:name="com.google.firebase.iid.FirebaseInstanceIdReceiver"
192-->[com.google.firebase:firebase-messaging:24.1.0] AndroidManifest.xml:30:13-78
193            android:exported="true"
193-->[com.google.firebase:firebase-messaging:24.1.0] AndroidManifest.xml:31:13-36
194            android:permission="com.google.android.c2dm.permission.SEND" >
194-->[com.google.firebase:firebase-messaging:24.1.0] AndroidManifest.xml:32:13-73
195            <intent-filter>
195-->[:firebase_messaging] AndroidManifest.xml:30:13-32:29
196                <action android:name="com.google.android.c2dm.intent.RECEIVE" />
196-->[:firebase_messaging] AndroidManifest.xml:31:17-81
196-->[:firebase_messaging] AndroidManifest.xml:31:25-78
197            </intent-filter>
198
199            <meta-data
199-->[com.google.firebase:firebase-messaging:24.1.0] AndroidManifest.xml:37:13-39:40
200                android:name="com.google.android.gms.cloudmessaging.FINISHED_AFTER_HANDLED"
200-->[com.google.firebase:firebase-messaging:24.1.0] AndroidManifest.xml:38:17-92
201                android:value="true" />
201-->[com.google.firebase:firebase-messaging:24.1.0] AndroidManifest.xml:39:17-37
202        </receiver>
203        <!--
204             FirebaseMessagingService performs security checks at runtime,
205             but set to not exported to explicitly avoid allowing another app to call it.
206        -->
207        <service
207-->[com.google.firebase:firebase-messaging:24.1.0] AndroidManifest.xml:46:9-53:19
208            android:name="com.google.firebase.messaging.FirebaseMessagingService"
208-->[com.google.firebase:firebase-messaging:24.1.0] AndroidManifest.xml:47:13-82
209            android:directBootAware="true"
209-->[com.google.firebase:firebase-messaging:24.1.0] AndroidManifest.xml:48:13-43
210            android:exported="false" >
210-->[com.google.firebase:firebase-messaging:24.1.0] AndroidManifest.xml:49:13-37
211            <intent-filter android:priority="-500" >
211-->[:firebase_messaging] AndroidManifest.xml:21:13-23:29
212                <action android:name="com.google.firebase.MESSAGING_EVENT" />
212-->[:firebase_messaging] AndroidManifest.xml:22:17-78
212-->[:firebase_messaging] AndroidManifest.xml:22:25-75
213            </intent-filter>
214        </service>
215        <service
215-->[androidx.credentials:credentials-play-services-auth:1.2.0-rc01] AndroidManifest.xml:24:9-32:19
216            android:name="androidx.credentials.playservices.CredentialProviderMetadataHolder"
216-->[androidx.credentials:credentials-play-services-auth:1.2.0-rc01] AndroidManifest.xml:25:13-94
217            android:enabled="true"
217-->[androidx.credentials:credentials-play-services-auth:1.2.0-rc01] AndroidManifest.xml:26:13-35
218            android:exported="false" >
218-->[androidx.credentials:credentials-play-services-auth:1.2.0-rc01] AndroidManifest.xml:27:13-37
219            <meta-data
219-->[androidx.credentials:credentials-play-services-auth:1.2.0-rc01] AndroidManifest.xml:29:13-31:104
220                android:name="androidx.credentials.CREDENTIAL_PROVIDER_KEY"
220-->[androidx.credentials:credentials-play-services-auth:1.2.0-rc01] AndroidManifest.xml:30:17-76
221                android:value="androidx.credentials.playservices.CredentialProviderPlayServicesImpl" />
221-->[androidx.credentials:credentials-play-services-auth:1.2.0-rc01] AndroidManifest.xml:31:17-101
222        </service>
223
224        <activity
224-->[androidx.credentials:credentials-play-services-auth:1.2.0-rc01] AndroidManifest.xml:34:9-41:20
225            android:name="androidx.credentials.playservices.HiddenActivity"
225-->[androidx.credentials:credentials-play-services-auth:1.2.0-rc01] AndroidManifest.xml:35:13-76
226            android:configChanges="orientation|screenSize|screenLayout|keyboardHidden"
226-->[androidx.credentials:credentials-play-services-auth:1.2.0-rc01] AndroidManifest.xml:36:13-87
227            android:enabled="true"
227-->[androidx.credentials:credentials-play-services-auth:1.2.0-rc01] AndroidManifest.xml:37:13-35
228            android:exported="false"
228-->[androidx.credentials:credentials-play-services-auth:1.2.0-rc01] AndroidManifest.xml:38:13-37
229            android:fitsSystemWindows="true"
229-->[androidx.credentials:credentials-play-services-auth:1.2.0-rc01] AndroidManifest.xml:39:13-45
230            android:theme="@style/Theme.Hidden" >
230-->[androidx.credentials:credentials-play-services-auth:1.2.0-rc01] AndroidManifest.xml:40:13-48
231        </activity>
232
233        <uses-library
233-->[androidx.window:window:1.2.0] AndroidManifest.xml:23:9-25:40
234            android:name="androidx.window.extensions"
234-->[androidx.window:window:1.2.0] AndroidManifest.xml:24:13-54
235            android:required="false" />
235-->[androidx.window:window:1.2.0] AndroidManifest.xml:25:13-37
236        <uses-library
236-->[androidx.window:window:1.2.0] AndroidManifest.xml:26:9-28:40
237            android:name="androidx.window.sidecar"
237-->[androidx.window:window:1.2.0] AndroidManifest.xml:27:13-51
238            android:required="false" />
238-->[androidx.window:window:1.2.0] AndroidManifest.xml:28:13-37
239
240        <provider
240-->[com.google.firebase:firebase-common:21.0.0] AndroidManifest.xml:23:9-28:39
241            android:name="com.google.firebase.provider.FirebaseInitProvider"
241-->[com.google.firebase:firebase-common:21.0.0] AndroidManifest.xml:24:13-77
242            android:authorities="com.hassan.notification_client.firebaseinitprovider"
242-->[com.google.firebase:firebase-common:21.0.0] AndroidManifest.xml:25:13-72
243            android:directBootAware="true"
243-->[com.google.firebase:firebase-common:21.0.0] AndroidManifest.xml:26:13-43
244            android:exported="false"
244-->[com.google.firebase:firebase-common:21.0.0] AndroidManifest.xml:27:13-37
245            android:initOrder="100" />
245-->[com.google.firebase:firebase-common:21.0.0] AndroidManifest.xml:28:13-36
246
247        <activity
247-->[com.google.android.gms:play-services-auth:20.7.0] AndroidManifest.xml:23:9-27:75
248            android:name="com.google.android.gms.auth.api.signin.internal.SignInHubActivity"
248-->[com.google.android.gms:play-services-auth:20.7.0] AndroidManifest.xml:24:13-93
249            android:excludeFromRecents="true"
249-->[com.google.android.gms:play-services-auth:20.7.0] AndroidManifest.xml:25:13-46
250            android:exported="false"
250-->[com.google.android.gms:play-services-auth:20.7.0] AndroidManifest.xml:26:13-37
251            android:theme="@android:style/Theme.Translucent.NoTitleBar" />
251-->[com.google.android.gms:play-services-auth:20.7.0] AndroidManifest.xml:27:13-72
252        <!--
253            Service handling Google Sign-In user revocation. For apps that do not integrate with
254            Google Sign-In, this service will never be started.
255        -->
256        <service
256-->[com.google.android.gms:play-services-auth:20.7.0] AndroidManifest.xml:33:9-37:51
257            android:name="com.google.android.gms.auth.api.signin.RevocationBoundService"
257-->[com.google.android.gms:play-services-auth:20.7.0] AndroidManifest.xml:34:13-89
258            android:exported="true"
258-->[com.google.android.gms:play-services-auth:20.7.0] AndroidManifest.xml:35:13-36
259            android:permission="com.google.android.gms.auth.api.signin.permission.REVOCATION_NOTIFICATION"
259-->[com.google.android.gms:play-services-auth:20.7.0] AndroidManifest.xml:36:13-107
260            android:visibleToInstantApps="true" />
260-->[com.google.android.gms:play-services-auth:20.7.0] AndroidManifest.xml:37:13-48
261
262        <activity
262-->[com.google.android.gms:play-services-base:18.0.1] AndroidManifest.xml:20:9-22:45
263            android:name="com.google.android.gms.common.api.GoogleApiActivity"
263-->[com.google.android.gms:play-services-base:18.0.1] AndroidManifest.xml:20:19-85
264            android:exported="false"
264-->[com.google.android.gms:play-services-base:18.0.1] AndroidManifest.xml:22:19-43
265            android:theme="@android:style/Theme.Translucent.NoTitleBar" />
265-->[com.google.android.gms:play-services-base:18.0.1] AndroidManifest.xml:21:19-78
266
267        <meta-data
267-->[com.google.android.gms:play-services-basement:18.4.0] AndroidManifest.xml:6:9-122
268            android:name="com.google.android.gms.version"
268-->[com.google.android.gms:play-services-basement:18.4.0] AndroidManifest.xml:6:20-65
269            android:value="@integer/google_play_services_version" />
269-->[com.google.android.gms:play-services-basement:18.4.0] AndroidManifest.xml:6:66-119
270
271        <provider
271-->[androidx.lifecycle:lifecycle-process:2.7.0] AndroidManifest.xml:24:9-32:20
272            android:name="androidx.startup.InitializationProvider"
272-->[androidx.lifecycle:lifecycle-process:2.7.0] AndroidManifest.xml:25:13-67
273            android:authorities="com.hassan.notification_client.androidx-startup"
273-->[androidx.lifecycle:lifecycle-process:2.7.0] AndroidManifest.xml:26:13-68
274            android:exported="false" >
274-->[androidx.lifecycle:lifecycle-process:2.7.0] AndroidManifest.xml:27:13-37
275            <meta-data
275-->[androidx.lifecycle:lifecycle-process:2.7.0] AndroidManifest.xml:29:13-31:52
276                android:name="androidx.lifecycle.ProcessLifecycleInitializer"
276-->[androidx.lifecycle:lifecycle-process:2.7.0] AndroidManifest.xml:30:17-78
277                android:value="androidx.startup" />
277-->[androidx.lifecycle:lifecycle-process:2.7.0] AndroidManifest.xml:31:17-49
278            <meta-data
278-->[androidx.profileinstaller:profileinstaller:1.3.1] AndroidManifest.xml:29:13-31:52
279                android:name="androidx.profileinstaller.ProfileInstallerInitializer"
279-->[androidx.profileinstaller:profileinstaller:1.3.1] AndroidManifest.xml:30:17-85
280                android:value="androidx.startup" />
280-->[androidx.profileinstaller:profileinstaller:1.3.1] AndroidManifest.xml:31:17-49
281        </provider>
282
283        <receiver
283-->[androidx.profileinstaller:profileinstaller:1.3.1] AndroidManifest.xml:34:9-52:20
284            android:name="androidx.profileinstaller.ProfileInstallReceiver"
284-->[androidx.profileinstaller:profileinstaller:1.3.1] AndroidManifest.xml:35:13-76
285            android:directBootAware="false"